kotlin version: 2.0.21
error message: org.jetbrains.kotlin.backend.common.BackendException: Backend Internal error: Exception during IR lowering
File being compiled: /workspaces/COINLAB.APK/app/src/main/java/com/coinlab/app/ui/portfolio/PortfolioScreen.kt
The root cause java.lang.RuntimeException was thrown at: org.jetbrains.kotlin.backend.jvm.codegen.FunctionCodegen.generate(FunctionCodegen.kt:47)
	at org.jetbrains.kotlin.backend.common.CodegenUtil.reportBackendException(CodegenUtil.kt:253)
	at org.jetbrains.kotlin.backend.common.CodegenUtil.reportBackendException$default(CodegenUtil.kt:236)
	at org.jetbrains.kotlin.backend.common.phaser.PerformByIrFilePhase.invokeSequential(performByIrFile.kt:65)
	at org.jetbrains.kotlin.backend.common.phaser.PerformByIrFilePhase.invoke(performByIrFile.kt:52)
	at org.jetbrains.kotlin.backend.common.phaser.PerformByIrFilePhase.invoke(performByIrFile.kt:38)
	at org.jetbrains.kotlin.backend.common.phaser.NamedCompilerPhase.phaseBody(CompilerPhase.kt:166)
	at org.jetbrains.kotlin.backend.common.phaser.AbstractNamedCompilerPhase.invoke(CompilerPhase.kt:113)
	at org.jetbrains.kotlin.backend.common.phaser.CompositePhase.invoke(PhaseBuilders.kt:27)
	at org.jetbrains.kotlin.backend.common.phaser.CompositePhase.invoke(PhaseBuilders.kt:14)
	at org.jetbrains.kotlin.backend.common.phaser.NamedCompilerPhase.phaseBody(CompilerPhase.kt:166)
	at org.jetbrains.kotlin.backend.common.phaser.AbstractNamedCompilerPhase.invoke(CompilerPhase.kt:113)
	at org.jetbrains.kotlin.backend.common.phaser.CompilerPhaseKt.invokeToplevel(CompilerPhase.kt:62)
	at org.jetbrains.kotlin.backend.jvm.JvmIrCodegenFactory.invokeCodegen(JvmIrCodegenFactory.kt:371)
	at org.jetbrains.kotlin.codegen.CodegenFactory.generateModule(CodegenFactory.kt:47)
	at org.jetbrains.kotlin.backend.jvm.JvmIrCodegenFactory.generateModuleInFrontendIRMode(JvmIrCodegenFactory.kt:433)
	at org.jetbrains.kotlin.cli.jvm.compiler.pipeline.JvmCompilerPipelineKt.generateCodeFromIr(jvmCompilerPipeline.kt:246)
	at org.jetbrains.kotlin.cli.jvm.compiler.pipeline.JvmCompilerPipelineKt.compileModulesUsingFrontendIrAndLightTree(jvmCompilerPipeline.kt:142)
	at org.jetbrains.kotlin.cli.jvm.K2JVMCompiler.doExecute(K2JVMCompiler.kt:148)
	at org.jetbrains.kotlin.cli.jvm.K2JVMCompiler.doExecute(K2JVMCompiler.kt:43)
	at org.jetbrains.kotlin.cli.common.CLICompiler.execImpl(CLICompiler.kt:103)
	at org.jetbrains.kotlin.cli.common.CLICompiler.execImpl(CLICompiler.kt:49)
	at org.jetbrains.kotlin.cli.common.CLITool.exec(CLITool.kt:101)
	at org.jetbrains.kotlin.incremental.IncrementalJvmCompilerRunner.runCompiler(IncrementalJvmCompilerRunner.kt:464)
	at org.jetbrains.kotlin.incremental.IncrementalJvmCompilerRunner.runCompiler(IncrementalJvmCompilerRunner.kt:73)
	at org.jetbrains.kotlin.incremental.IncrementalCompilerRunner.doCompile(IncrementalCompilerRunner.kt:506)
	at org.jetbrains.kotlin.incremental.IncrementalCompilerRunner.compileImpl(IncrementalCompilerRunner.kt:423)
	at org.jetbrains.kotlin.incremental.IncrementalCompilerRunner.compileNonIncrementally(IncrementalCompilerRunner.kt:301)
	at org.jetbrains.kotlin.incremental.IncrementalCompilerRunner.compile(IncrementalCompilerRunner.kt:129)
	at org.jetbrains.kotlin.daemon.CompileServiceImplBase.execIncrementalCompiler(CompileServiceImpl.kt:675)
	at org.jetbrains.kotlin.daemon.CompileServiceImplBase.access$execIncrementalCompiler(CompileServiceImpl.kt:92)
	at org.jetbrains.kotlin.daemon.CompileServiceImpl.compile(CompileServiceImpl.kt:1660)
	at java.base/jdk.internal.reflect.NativeMethodAccessorImpl.invoke0(Native Method)
	at java.base/jdk.internal.reflect.NativeMethodAccessorImpl.invoke(NativeMethodAccessorImpl.java:77)
	at java.base/jdk.internal.reflect.DelegatingMethodAccessorImpl.invoke(DelegatingMethodAccessorImpl.java:43)
	at java.base/java.lang.reflect.Method.invoke(Method.java:569)
	at java.rmi/sun.rmi.server.UnicastServerRef.dispatch(UnicastServerRef.java:360)
	at java.rmi/sun.rmi.transport.Transport$1.run(Transport.java:200)
	at java.rmi/sun.rmi.transport.Transport$1.run(Transport.java:197)
	at java.base/java.security.AccessController.doPrivileged(AccessController.java:712)
	at java.rmi/sun.rmi.transport.Transport.serviceCall(Transport.java:196)
	at java.rmi/sun.rmi.transport.tcp.TCPTransport.handleMessages(TCPTransport.java:587)
	at java.rmi/sun.rmi.transport.tcp.TCPTransport$ConnectionHandler.run0(TCPTransport.java:828)
	at java.rmi/sun.rmi.transport.tcp.TCPTransport$ConnectionHandler.lambda$run$0(TCPTransport.java:705)
	at java.base/java.security.AccessController.doPrivileged(AccessController.java:399)
	at java.rmi/sun.rmi.transport.tcp.TCPTransport$ConnectionHandler.run(TCPTransport.java:704)
	at java.base/java.util.concurrent.ThreadPoolExecutor.runWorker(ThreadPoolExecutor.java:1136)
	at java.base/java.util.concurrent.ThreadPoolExecutor$Worker.run(ThreadPoolExecutor.java:635)
	at java.base/java.lang.Thread.run(Thread.java:840)
Caused by: java.lang.RuntimeException: Exception while generating code for:
FUN name:PortfolioScreen visibility:public modality:FINAL <> (onCoinClick:kotlin.Function1<kotlin.String, kotlin.Unit>, onAddTransaction:kotlin.Function1<kotlin.String, kotlin.Unit>, viewModel:com.coinlab.app.ui.portfolio.PortfolioViewModel?, $composer:androidx.compose.runtime.Composer?, $changed:kotlin.Int, $default:kotlin.Int) returnType:kotlin.Unit
  annotations:
    OptIn(markerClass = [CLASS_REFERENCE 'CLASS IR_EXTERNAL_DECLARATION_STUB ANNOTATION_CLASS name:ExperimentalMaterial3Api modality:OPEN visibility:public superTypes:[kotlin.Annotation]' type=kotlin.reflect.KClass<androidx.compose.material3.ExperimentalMaterial3Api>])
    Composable
    ComposableTarget(applier = "androidx.compose.ui.UiComposable")
  VALUE_PARAMETER name:onCoinClick index:0 type:kotlin.Function1<kotlin.String, kotlin.Unit>
  VALUE_PARAMETER name:onAddTransaction index:1 type:kotlin.Function1<kotlin.String, kotlin.Unit>
  VALUE_PARAMETER name:viewModel index:2 type:com.coinlab.app.ui.portfolio.PortfolioViewModel? [assignable]
  VALUE_PARAMETER name:$composer index:3 type:androidx.compose.runtime.Composer? [assignable]
  VALUE_PARAMETER name:$changed index:4 type:kotlin.Int
  VALUE_PARAMETER MASK_FOR_DEFAULT_FUNCTION name:$default index:5 type:kotlin.Int
  BLOCK_BODY
    SET_VAR '$composer: androidx.compose.runtime.Composer? [assignable] declared in com.coinlab.app.ui.portfolio.PortfolioScreenKt.PortfolioScreen' type=kotlin.Unit origin=null
      CALL 'public abstract fun startRestartGroup (key: kotlin.Int): androidx.compose.runtime.Composer declared in androidx.compose.runtime.Composer' type=androidx.compose.runtime.Composer origin=null
        $this: GET_VAR '$composer: androidx.compose.runtime.Composer? [assignable] declared in com.coinlab.app.ui.portfolio.PortfolioScreenKt.PortfolioScreen' type=androidx.compose.runtime.Composer? origin=null
        key: CONST Int type=kotlin.Int value=-710551290
    VAR name:$dirty type:kotlin.Int [val]
      GET_VAR '$changed: kotlin.Int declared in com.coinlab.app.ui.portfolio.PortfolioScreenKt.PortfolioScreen' type=kotlin.Int origin=null
    WHEN type=kotlin.Unit origin=IF
      BRANCH
        if: CALL 'public final fun not (): kotlin.Boolean [operator] declared in kotlin.Boolean' type=kotlin.Boolean origin=null
          $this: CALL 'public final fun EQEQ (arg0: kotlin.Any?, arg1: kotlin.Any?): kotlin.Boolean declared in kotlin.internal.ir' type=kotlin.Boolean origin=null
            arg0: CALL 'public final fun and (other: kotlin.Int): kotlin.Int [infix] declared in kotlin.Int' type=kotlin.Int origin=null
              $this: GET_VAR '$default: kotlin.Int declared in com.coinlab.app.ui.portfolio.PortfolioScreenKt.PortfolioScreen' type=kotlin.Int origin=null
              other: CONST Int type=kotlin.Int value=1
            arg1: CONST Int type=kotlin.Int value=0
        then: SET_VAR 'val $dirty: kotlin.Int [val] declared in com.coinlab.app.ui.portfolio.PortfolioScreenKt.PortfolioScreen' type=kotlin.Unit origin=null
          CALL 'public final fun or (other: kotlin.Int): kotlin.Int [infix] declared in kotlin.Int' type=kotlin.Int origin=null
            $this: GET_VAR 'val $dirty: kotlin.Int [val] declared in com.coinlab.app.ui.portfolio.PortfolioScreenKt.PortfolioScreen' type=kotlin.Int origin=null
            other: CONST Int type=kotlin.Int value=6
      BRANCH
        if: CALL 'public final fun EQEQ (arg0: kotlin.Any?, arg1: kotlin.Any?): kotlin.Boolean declared in kotlin.internal.ir' type=kotlin.Boolean origin=null
          arg0: CALL 'public final fun and (other: kotlin.Int): kotlin.Int [infix] declared in kotlin.Int' type=kotlin.Int origin=null
            $this: GET_VAR '$changed: kotlin.Int declared in com.coinlab.app.ui.portfolio.PortfolioScreenKt.PortfolioScreen' type=kotlin.Int origin=null
            other: CONST Int type=kotlin.Int value=6
          arg1: CONST Int type=kotlin.Int value=0
        then: SET_VAR 'val $dirty: kotlin.Int [val] declared in com.coinlab.app.ui.portfolio.PortfolioScreenKt.PortfolioScreen' type=kotlin.Unit origin=null
          CALL 'public final fun or (other: kotlin.Int): kotlin.Int [infix] declared in kotlin.Int' type=kotlin.Int origin=null
            $this: GET_VAR 'val $dirty: kotlin.Int [val] declared in com.coinlab.app.ui.portfolio.PortfolioScreenKt.PortfolioScreen' type=kotlin.Int origin=null
            other: WHEN type=kotlin.Int origin=IF
              BRANCH
                if: CALL 'public open fun changedInstance (value: kotlin.Any?): kotlin.Boolean declared in androidx.compose.runtime.Composer' type=kotlin.Boolean origin=null
                  $this: GET_VAR '$composer: androidx.compose.runtime.Composer? [assignable] declared in com.coinlab.app.ui.portfolio.PortfolioScreenKt.PortfolioScreen' type=androidx.compose.runtime.Composer? origin=null
                  value: GET_VAR 'onCoinClick: kotlin.Function1<kotlin.String, kotlin.Unit> declared in com.coinlab.app.ui.portfolio.PortfolioScreenKt.PortfolioScreen' type=kotlin.Function1<kotlin.String, kotlin.Unit> origin=null
                then: CONST Int type=kotlin.Int value=4
              BRANCH
                if: CONST Boolean type=kotlin.Boolean value=true
                then: CONST Int type=kotlin.Int value=2
    WHEN type=kotlin.Unit origin=IF
      BRANCH
        if: CALL 'public final fun not (): kotlin.Boolean [operator] declared in kotlin.Boolean' type=kotlin.Boolean origin=null
          $this: CALL 'public final fun EQEQ (arg0: kotlin.Any?, arg1: kotlin.Any?): kotlin.Boolean declared in kotlin.internal.ir' type=kotlin.Boolean origin=null
            arg0: CALL 'public final fun and (other: kotlin.Int): kotlin.Int [infix] declared in kotlin.Int' type=kotlin.Int origin=null
              $this: GET_VAR '$default: kotlin.Int declared in com.coinlab.app.ui.portfolio.PortfolioScreenKt.PortfolioScreen' type=kotlin.Int origin=null
              other: CONST Int type=kotlin.Int value=2
            arg1: CONST Int type=kotlin.Int value=0
        then: SET_VAR 'val $dirty: kotlin.Int [val] declared in com.coinlab.app.ui.portfolio.PortfolioScreenKt.PortfolioScreen' type=kotlin.Unit origin=null
          CALL 'public final fun or (other: kotlin.Int): kotlin.Int [infix] declared in kotlin.Int' type=kotlin.Int origin=null
            $this: GET_VAR 'val $dirty: kotlin.Int [val] declared in com.coinlab.app.ui.portfolio.PortfolioScreenKt.PortfolioScreen' type=kotlin.Int origin=null
            other: CONST Int type=kotlin.Int value=48
      BRANCH
        if: CALL 'public final fun EQEQ (arg0: kotlin.Any?, arg1: kotlin.Any?): kotlin.Boolean declared in kotlin.internal.ir' type=kotlin.Boolean origin=null
          arg0: CALL 'public final fun and (other: kotlin.Int): kotlin.Int [infix] declared in kotlin.Int' type=kotlin.Int origin=null
            $this: GET_VAR '$changed: kotlin.Int declared in com.coinlab.app.ui.portfolio.PortfolioScreenKt.PortfolioScreen' type=kotlin.Int origin=null
            other: CONST Int type=kotlin.Int value=48
          arg1: CONST Int type=kotlin.Int value=0
        then: SET_VAR 'val $dirty: kotlin.Int [val] declared in com.coinlab.app.ui.portfolio.PortfolioScreenKt.PortfolioScreen' type=kotlin.Unit origin=null
          CALL 'public final fun or (other: kotlin.Int): kotlin.Int [infix] declared in kotlin.Int' type=kotlin.Int origin=null
            $this: GET_VAR 'val $dirty: kotlin.Int [val] declared in com.coinlab.app.ui.portfolio.PortfolioScreenKt.PortfolioScreen' type=kotlin.Int origin=null
            other: WHEN type=kotlin.Int origin=IF
              BRANCH
                if: CALL 'public open fun changedInstance (value: kotlin.Any?): kotlin.Boolean declared in androidx.compose.runtime.Composer' type=kotlin.Boolean origin=null
                  $this: GET_VAR '$composer: androidx.compose.runtime.Composer? [assignable] declared in com.coinlab.app.ui.portfolio.PortfolioScreenKt.PortfolioScreen' type=androidx.compose.runtime.Composer? origin=null
                  value: GET_VAR 'onAddTransaction: kotlin.Function1<kotlin.String, kotlin.Unit> declared in com.coinlab.app.ui.portfolio.PortfolioScreenKt.PortfolioScreen' type=kotlin.Function1<kotlin.String, kotlin.Unit> origin=null
                then: CONST Int type=kotlin.Int value=32
              BRANCH
                if: CONST Boolean type=kotlin.Boolean value=true
                then: CONST Int type=kotlin.Int value=16
    WHEN type=kotlin.Unit origin=IF
      BRANCH
        if: CALL 'public final fun EQEQ (arg0: kotlin.Any?, arg1: kotlin.Any?): kotlin.Boolean declared in kotlin.internal.ir' type=kotlin.Boolean origin=null
          arg0: CALL 'public final fun and (other: kotlin.Int): kotlin.Int [infix] declared in kotlin.Int' type=kotlin.Int origin=null
            $this: GET_VAR '$changed: kotlin.Int declared in com.coinlab.app.ui.portfolio.PortfolioScreenKt.PortfolioScreen' type=kotlin.Int origin=null
            other: CONST Int type=kotlin.Int value=384
          arg1: CONST Int type=kotlin.Int value=0
        then: SET_VAR 'val $dirty: kotlin.Int [val] declared in com.coinlab.app.ui.portfolio.PortfolioScreenKt.PortfolioScreen' type=kotlin.Unit origin=null
          CALL 'public final fun or (other: kotlin.Int): kotlin.Int [infix] declared in kotlin.Int' type=kotlin.Int origin=null
            $this: GET_VAR 'val $dirty: kotlin.Int [val] declared in com.coinlab.app.ui.portfolio.PortfolioScreenKt.PortfolioScreen' type=kotlin.Int origin=null
            other: WHEN type=kotlin.Int origin=IF
              BRANCH
                if: CALL 'public final fun ANDAND (arg0: kotlin.Boolean, arg1: kotlin.Boolean): kotlin.Boolean declared in kotlin.internal.ir' type=kotlin.Boolean origin=null
                  arg0: CALL 'public final fun EQEQ (arg0: kotlin.Any?, arg1: kotlin.Any?): kotlin.Boolean declared in kotlin.internal.ir' type=kotlin.Boolean origin=null
                    arg0: CALL 'public final fun and (other: kotlin.Int): kotlin.Int [infix] declared in kotlin.Int' type=kotlin.Int origin=null
                      $this: GET_VAR '$default: kotlin.Int declared in com.coinlab.app.ui.portfolio.PortfolioScreenKt.PortfolioScreen' type=kotlin.Int origin=null
                      other: CONST Int type=kotlin.Int value=4
                    arg1: CONST Int type=kotlin.Int value=0
                  arg1: CALL 'public open fun changedInstance (value: kotlin.Any?): kotlin.Boolean declared in androidx.compose.runtime.Composer' type=kotlin.Boolean origin=null
                    $this: GET_VAR '$composer: androidx.compose.runtime.Composer? [assignable] declared in com.coinlab.app.ui.portfolio.PortfolioScreenKt.PortfolioScreen' type=androidx.compose.runtime.Composer? origin=null
                    value: GET_VAR 'viewModel: com.coinlab.app.ui.portfolio.PortfolioViewModel? [assignable] declared in com.coinlab.app.ui.portfolio.PortfolioScreenKt.PortfolioScreen' type=com.coinlab.app.ui.portfolio.PortfolioViewModel? origin=null
                then: CONST Int type=kotlin.Int value=256
              BRANCH
                if: CONST Boolean type=kotlin.Boolean value=true
                then: CONST Int type=kotlin.Int value=128
    WHEN type=kotlin.Unit origin=IF
      BRANCH
        if: CALL 'public final fun OROR (arg0: kotlin.Boolean, arg1: kotlin.Boolean): kotlin.Boolean declared in kotlin.internal.ir' type=kotlin.Boolean origin=null
          arg0: CALL 'public final fun not (): kotlin.Boolean [operator] declared in kotlin.Boolean' type=kotlin.Boolean origin=null
            $this: CALL 'public final fun EQEQ (arg0: kotlin.Any?, arg1: kotlin.Any?): kotlin.Boolean declared in kotlin.internal.ir' type=kotlin.Boolean origin=null
              arg0: CALL 'public final fun and (other: kotlin.Int): kotlin.Int [infix] declared in kotlin.Int' type=kotlin.Int origin=null
                $this: GET_VAR 'val $dirty: kotlin.Int [val] declared in com.coinlab.app.ui.portfolio.PortfolioScreenKt.PortfolioScreen' type=kotlin.Int origin=null
                other: CONST Int type=kotlin.Int value=147
              arg1: CONST Int type=kotlin.Int value=146
          arg1: CALL 'public final fun not (): kotlin.Boolean [operator] declared in kotlin.Boolean' type=kotlin.Boolean origin=null
            $this: CALL 'public abstract fun <get-skipping> (): kotlin.Boolean declared in androidx.compose.runtime.Composer' type=kotlin.Boolean origin=null
              $this: GET_VAR '$composer: androidx.compose.runtime.Composer? [assignable] declared in com.coinlab.app.ui.portfolio.PortfolioScreenKt.PortfolioScreen' type=androidx.compose.runtime.Composer? origin=null
        then: BLOCK type=kotlin.Unit origin=null
          CALL 'public abstract fun startDefaults (): kotlin.Unit declared in androidx.compose.runtime.Composer' type=kotlin.Unit origin=null
            $this: GET_VAR '$composer: androidx.compose.runtime.Composer? [assignable] declared in com.coinlab.app.ui.portfolio.PortfolioScreenKt.PortfolioScreen' type=androidx.compose.runtime.Composer? origin=null
          WHEN type=kotlin.Unit origin=IF
            BRANCH
              if: CALL 'public final fun OROR (arg0: kotlin.Boolean, arg1: kotlin.Boolean): kotlin.Boolean declared in kotlin.internal.ir' type=kotlin.Boolean origin=null
                arg0: CALL 'public final fun EQEQ (arg0: kotlin.Any?, arg1: kotlin.Any?): kotlin.Boolean declared in kotlin.internal.ir' type=kotlin.Boolean origin=null
                  arg0: CALL 'public final fun and (other: kotlin.Int): kotlin.Int [infix] declared in kotlin.Int' type=kotlin.Int origin=null
                    $this: GET_VAR '$changed: kotlin.Int declared in com.coinlab.app.ui.portfolio.PortfolioScreenKt.PortfolioScreen' type=kotlin.Int origin=null
                    other: CONST Int type=kotlin.Int value=1
                  arg1: CONST Int type=kotlin.Int value=0
                arg1: CALL 'public abstract fun <get-defaultsInvalid> (): kotlin.Boolean declared in androidx.compose.runtime.Composer' type=kotlin.Boolean origin=null
                  $this: GET_VAR '$composer: androidx.compose.runtime.Composer? [assignable] declared in com.coinlab.app.ui.portfolio.PortfolioScreenKt.PortfolioScreen' type=androidx.compose.runtime.Composer? origin=null
              then: COMPOSITE type=kotlin.Unit origin=null
                WHEN type=kotlin.Unit origin=IF
                  BRANCH
                    if: CALL 'public final fun not (): kotlin.Boolean [operator] declared in kotlin.Boolean' type=kotlin.Boolean origin=null
                      $this: CALL 'public final fun EQEQ (arg0: kotlin.Any?, arg1: kotlin.Any?): kotlin.Boolean declared in kotlin.internal.ir' type=kotlin.Boolean origin=null
                        arg0: CALL 'public final fun and (other: kotlin.Int): kotlin.Int [infix] declared in kotlin.Int' type=kotlin.Int origin=null
                          $this: GET_VAR '$default: kotlin.Int declared in com.coinlab.app.ui.portfolio.PortfolioScreenKt.PortfolioScreen' type=kotlin.Int origin=null
                          other: CONST Int type=kotlin.Int value=4
                        arg1: CONST Int type=kotlin.Int value=0
                    then: BLOCK type=kotlin.Unit origin=null
                      SET_VAR 'viewModel: com.coinlab.app.ui.portfolio.PortfolioViewModel? [assignable] declared in com.coinlab.app.ui.portfolio.PortfolioScreenKt.PortfolioScreen' type=kotlin.Unit origin=null
                        CALL 'public final fun hiltViewModel <VM> (viewModelStoreOwner: androidx.lifecycle.ViewModelStoreOwner?, key: kotlin.String?, $composer: androidx.compose.runtime.Composer?, $changed: kotlin.Int, $default: kotlin.Int): VM of androidx.hilt.navigation.compose.HiltViewModelKt.hiltViewModel [inline] declared in androidx.hilt.navigation.compose.HiltViewModelKt' type=com.coinlab.app.ui.portfolio.PortfolioViewModel origin=null
                          <VM>: com.coinlab.app.ui.portfolio.PortfolioViewModel
                          viewModelStoreOwner: COMPOSITE type=kotlin.Nothing? origin=DEFAULT_VALUE
                            CONST Null type=kotlin.Nothing? value=null
                          key: COMPOSITE type=kotlin.Nothing? origin=DEFAULT_VALUE
                            CONST Null type=kotlin.Nothing? value=null
                          $composer: GET_VAR '$composer: androidx.compose.runtime.Composer? [assignable] declared in com.coinlab.app.ui.portfolio.PortfolioScreenKt.PortfolioScreen' type=androidx.compose.runtime.Composer? origin=null
                          $changed: CONST Int type=kotlin.Int value=0
                          $default: CONST Int type=kotlin.Int value=3
                      SET_VAR 'val $dirty: kotlin.Int [val] declared in com.coinlab.app.ui.portfolio.PortfolioScreenKt.PortfolioScreen' type=kotlin.Unit origin=null
                        CALL 'public final fun and (other: kotlin.Int): kotlin.Int [infix] declared in kotlin.Int' type=kotlin.Int origin=null
                          $this: GET_VAR 'val $dirty: kotlin.Int [val] declared in com.coinlab.app.ui.portfolio.PortfolioScreenKt.PortfolioScreen' type=kotlin.Int origin=null
                          other: CONST Int type=kotlin.Int value=-897
            BRANCH
              if: CONST Boolean type=kotlin.Boolean value=true
              then: BLOCK type=kotlin.Unit origin=null
                CALL 'public abstract fun skipToGroupEnd (): kotlin.Unit declared in androidx.compose.runtime.Composer' type=kotlin.Unit origin=null
                  $this: GET_VAR '$composer: androidx.compose.runtime.Composer? [assignable] declared in com.coinlab.app.ui.portfolio.PortfolioScreenKt.PortfolioScreen' type=androidx.compose.runtime.Composer? origin=null
                WHEN type=kotlin.Unit origin=IF
                  BRANCH
                    if: CALL 'public final fun not (): kotlin.Boolean [operator] declared in kotlin.Boolean' type=kotlin.Boolean origin=null
                      $this: CALL 'public final fun EQEQ (arg0: kotlin.Any?, arg1: kotlin.Any?): kotlin.Boolean declared in kotlin.internal.ir' type=kotlin.Boolean origin=null
                        arg0: CALL 'public final fun and (other: kotlin.Int): kotlin.Int [infix] declared in kotlin.Int' type=kotlin.Int origin=null
                          $this: GET_VAR '$default: kotlin.Int declared in com.coinlab.app.ui.portfolio.PortfolioScreenKt.PortfolioScreen' type=kotlin.Int origin=null
                          other: CONST Int type=kotlin.Int value=4
                        arg1: CONST Int type=kotlin.Int value=0
                    then: SET_VAR 'val $dirty: kotlin.Int [val] declared in com.coinlab.app.ui.portfolio.PortfolioScreenKt.PortfolioScreen' type=kotlin.Unit origin=null
                      CALL 'public final fun and (other: kotlin.Int): kotlin.Int [infix] declared in kotlin.Int' type=kotlin.Int origin=null
                        $this: GET_VAR 'val $dirty: kotlin.Int [val] declared in com.coinlab.app.ui.portfolio.PortfolioScreenKt.PortfolioScreen' type=kotlin.Int origin=null
                        other: CONST Int type=kotlin.Int value=-897
          CALL 'public abstract fun endDefaults (): kotlin.Unit declared in androidx.compose.runtime.Composer' type=kotlin.Unit origin=null
            $this: GET_VAR '$composer: androidx.compose.runtime.Composer? [assignable] declared in com.coinlab.app.ui.portfolio.PortfolioScreenKt.PortfolioScreen' type=androidx.compose.runtime.Composer? origin=null
          WHEN type=kotlin.Unit origin=IF
            BRANCH
              if: CALL 'public final fun isTraceInProgress (): kotlin.Boolean declared in androidx.compose.runtime.ComposerKt' type=kotlin.Boolean origin=null
              then: CALL 'public final fun traceEventStart (key: kotlin.Int, dirty1: kotlin.Int, dirty2: kotlin.Int, info: kotlin.String): kotlin.Unit declared in androidx.compose.runtime.ComposerKt' type=kotlin.Unit origin=null
                key: CONST Int type=kotlin.Int value=-710551290
                dirty1: GET_VAR 'val $dirty: kotlin.Int [val] declared in com.coinlab.app.ui.portfolio.PortfolioScreenKt.PortfolioScreen' type=kotlin.Int origin=null
                dirty2: CONST Int type=kotlin.Int value=-1
                info: CONST String type=kotlin.String value="com.coinlab.app.ui.portfolio.PortfolioScreen (PortfolioScreen.kt:57)"
          VAR PROPERTY_DELEGATE name:uiState$delegate type:androidx.compose.runtime.State<com.coinlab.app.ui.portfolio.PortfolioUiState> [val]
            CALL 'public final fun collectAsState <T> (context: kotlin.coroutines.CoroutineContext?, $composer: androidx.compose.runtime.Composer?, $changed: kotlin.Int, $default: kotlin.Int): androidx.compose.runtime.State<T of androidx.compose.runtime.SnapshotStateKt.collectAsState> declared in androidx.compose.runtime.SnapshotStateKt' type=androidx.compose.runtime.State<com.coinlab.app.ui.portfolio.PortfolioUiState> origin=null
              <T>: com.coinlab.app.ui.portfolio.PortfolioUiState
              $receiver: CALL 'public final fun <get-uiState> (): kotlinx.coroutines.flow.StateFlow<com.coinlab.app.ui.portfolio.PortfolioUiState> declared in com.coinlab.app.ui.portfolio.PortfolioViewModel' type=kotlinx.coroutines.flow.StateFlow<com.coinlab.app.ui.portfolio.PortfolioUiState> origin=GET_PROPERTY
                $this: GET_VAR 'viewModel: com.coinlab.app.ui.portfolio.PortfolioViewModel? [assignable] declared in com.coinlab.app.ui.portfolio.PortfolioScreenKt.PortfolioScreen' type=com.coinlab.app.ui.portfolio.PortfolioViewModel origin=null
              context: COMPOSITE type=kotlin.Nothing? origin=DEFAULT_VALUE
                CONST Null type=kotlin.Nothing? value=null
              $composer: GET_VAR '$composer: androidx.compose.runtime.Composer? [assignable] declared in com.coinlab.app.ui.portfolio.PortfolioScreenKt.PortfolioScreen' type=androidx.compose.runtime.Composer? origin=null
              $changed: CONST Int type=kotlin.Int value=0
              $default: CONST Int type=kotlin.Int value=1
          VAR PROPERTY_DELEGATE name:holdings$delegate type:androidx.compose.runtime.State<kotlin.collections.List<com.coinlab.app.ui.portfolio.PortfolioHolding>> [val]
            CALL 'public final fun collectAsState <T> (context: kotlin.coroutines.CoroutineContext?, $composer: androidx.compose.runtime.Composer?, $changed: kotlin.Int, $default: kotlin.Int): androidx.compose.runtime.State<T of androidx.compose.runtime.SnapshotStateKt.collectAsState> declared in androidx.compose.runtime.SnapshotStateKt' type=androidx.compose.runtime.State<kotlin.collections.List<com.coinlab.app.ui.portfolio.PortfolioHolding>> origin=null
              <T>: kotlin.collections.List<com.coinlab.app.ui.portfolio.PortfolioHolding>
              $receiver: CALL 'public final fun <get-holdings> (): kotlinx.coroutines.flow.StateFlow<kotlin.collections.List<com.coinlab.app.ui.portfolio.PortfolioHolding>> declared in com.coinlab.app.ui.portfolio.PortfolioViewModel' type=kotlinx.coroutines.flow.StateFlow<kotlin.collections.List<com.coinlab.app.ui.portfolio.PortfolioHolding>> origin=GET_PROPERTY
                $this: GET_VAR 'viewModel: com.coinlab.app.ui.portfolio.PortfolioViewModel? [assignable] declared in com.coinlab.app.ui.portfolio.PortfolioScreenKt.PortfolioScreen' type=com.coinlab.app.ui.portfolio.PortfolioViewModel origin=null
              context: COMPOSITE type=kotlin.Nothing? origin=DEFAULT_VALUE
                CONST Null type=kotlin.Nothing? value=null
              $composer: GET_VAR '$composer: androidx.compose.runtime.Composer? [assignable] declared in com.coinlab.app.ui.portfolio.PortfolioScreenKt.PortfolioScreen' type=androidx.compose.runtime.Composer? origin=null
              $changed: CONST Int type=kotlin.Int value=0
              $default: CONST Int type=kotlin.Int value=1
          CALL 'public final fun Box (modifier: androidx.compose.ui.Modifier?, contentAlignment: androidx.compose.ui.Alignment?, propagateMinConstraints: kotlin.Boolean, content: @[ExtensionFunctionType] kotlin.Function3<androidx.compose.foundation.layout.BoxScope, androidx.compose.runtime.Composer, kotlin.Int, kotlin.Unit>, $composer: androidx.compose.runtime.Composer?, $changed: kotlin.Int, $default: kotlin.Int): kotlin.Unit [inline] declared in androidx.compose.foundation.layout.BoxKt' type=kotlin.Unit origin=null
            modifier: CALL 'public final fun fillMaxSize$default (fraction: kotlin.Float, $mask0: kotlin.Int, $handler: kotlin.Any?): androidx.compose.ui.Modifier declared in androidx.compose.foundation.layout.SizeKt' type=androidx.compose.ui.Modifier origin=DEFAULT_DISPATCH_CALL
              $receiver: GET_FIELD 'FIELD FIELD_FOR_OBJECT_INSTANCE name:Companion type:androidx.compose.ui.Modifier.Companion visibility:public [final,static] declared in androidx.compose.ui.Modifier' type=androidx.compose.ui.Modifier.Companion origin=null
              fraction: COMPOSITE type=kotlin.Float origin=DEFAULT_VALUE
                CONST Float type=kotlin.Float value=0.0
              $mask0: CONST Int type=kotlin.Int value=1
              $handler: CONST Null type=kotlin.Any? value=null
            contentAlignment: COMPOSITE type=kotlin.Nothing? origin=DEFAULT_VALUE
              CONST Null type=kotlin.Nothing? value=null
            propagateMinConstraints: COMPOSITE type=kotlin.Boolean origin=DEFAULT_VALUE
              CONST Boolean type=kotlin.Boolean value=false
            content: BLOCK type=@[ExtensionFunctionType] kotlin.Function3<androidx.compose.foundation.layout.BoxScope, androidx.compose.runtime.Composer, kotlin.Int, kotlin.Unit> origin=LAMBDA
              COMPOSITE type=kotlin.Unit origin=null
              FUNCTION_REFERENCE 'private final fun PortfolioScreen$lambda$13 ($$dirty: kotlin.Int, $$composer: androidx.compose.runtime.Composer?, $holdings$delegate: androidx.compose.runtime.State<kotlin.collections.List<com.coinlab.app.ui.portfolio.PortfolioHolding>>, $uiState$delegate: androidx.compose.runtime.State<com.coinlab.app.ui.portfolio.PortfolioUiState>, $onCoinClick: kotlin.Function1<kotlin.String, kotlin.Unit>, $onAddTransaction: kotlin.Function1<kotlin.String, kotlin.Unit>, $composer: androidx.compose.runtime.Composer?, $changed: kotlin.Int): kotlin.Unit declared in com.coinlab.app.ui.portfolio.PortfolioScreenKt' type=@[ExtensionFunctionType] kotlin.Function3<androidx.compose.foundation.layout.BoxScope, androidx.compose.runtime.Composer, kotlin.Int, kotlin.Unit> origin=INLINE_LAMBDA reflectionTarget=null
                $$dirty: GET_VAR 'val $dirty: kotlin.Int [val] declared in com.coinlab.app.ui.portfolio.PortfolioScreenKt.PortfolioScreen' type=kotlin.Int origin=null
                $$composer: GET_VAR '$composer: androidx.compose.runtime.Composer? [assignable] declared in com.coinlab.app.ui.portfolio.PortfolioScreenKt.PortfolioScreen' type=androidx.compose.runtime.Composer? origin=null
                $holdings$delegate: GET_VAR 'val holdings$delegate: androidx.compose.runtime.State<kotlin.collections.List<com.coinlab.app.ui.portfolio.PortfolioHolding>> [val] declared in com.coinlab.app.ui.portfolio.PortfolioScreenKt.PortfolioScreen' type=androidx.compose.runtime.State<kotlin.collections.List<com.coinlab.app.ui.portfolio.PortfolioHolding>> origin=null
                $uiState$delegate: GET_VAR 'val uiState$delegate: androidx.compose.runtime.State<com.coinlab.app.ui.portfolio.PortfolioUiState> [val] declared in com.coinlab.app.ui.portfolio.PortfolioScreenKt.PortfolioScreen' type=androidx.compose.runtime.State<com.coinlab.app.ui.portfolio.PortfolioUiState> origin=null
                $onCoinClick: GET_VAR 'onCoinClick: kotlin.Function1<kotlin.String, kotlin.Unit> declared in com.coinlab.app.ui.portfolio.PortfolioScreenKt.PortfolioScreen' type=kotlin.Function1<kotlin.String, kotlin.Unit> origin=null
                $onAddTransaction: GET_VAR 'onAddTransaction: kotlin.Function1<kotlin.String, kotlin.Unit> declared in com.coinlab.app.ui.portfolio.PortfolioScreenKt.PortfolioScreen' type=kotlin.Function1<kotlin.String, kotlin.Unit> origin=null
            $composer: GET_VAR '$composer: androidx.compose.runtime.Composer? [assignable] declared in com.coinlab.app.ui.portfolio.PortfolioScreenKt.PortfolioScreen' type=androidx.compose.runtime.Composer? origin=null
            $changed: CONST Int type=kotlin.Int value=6
            $default: CONST Int type=kotlin.Int value=6
          WHEN type=kotlin.Unit origin=IF
            BRANCH
              if: CALL 'public final fun isTraceInProgress (): kotlin.Boolean declared in androidx.compose.runtime.ComposerKt' type=kotlin.Boolean origin=null
              then: CALL 'public final fun traceEventEnd (): kotlin.Unit declared in androidx.compose.runtime.ComposerKt' type=kotlin.Unit origin=null
      BRANCH
        if: CONST Boolean type=kotlin.Boolean value=true
        then: CALL 'public abstract fun skipToGroupEnd (): kotlin.Unit declared in androidx.compose.runtime.Composer' type=kotlin.Unit origin=null
          $this: GET_VAR '$composer: androidx.compose.runtime.Composer? [assignable] declared in com.coinlab.app.ui.portfolio.PortfolioScreenKt.PortfolioScreen' type=androidx.compose.runtime.Composer? origin=null
    BLOCK type=kotlin.Unit origin=null
      BLOCK type=kotlin.Unit origin=FOLDED_SAFE_CALL
        WHEN type=kotlin.Unit origin=FOLDED_SAFE_CALL
          BRANCH
            if: COMPOSITE type=kotlin.Boolean origin=null
              VAR IR_TEMPORARY_VARIABLE name:tmp0_safe_receiver type:androidx.compose.runtime.ScopeUpdateScope? [val]
                CALL 'public abstract fun endRestartGroup (): androidx.compose.runtime.ScopeUpdateScope? declared in androidx.compose.runtime.Composer' type=androidx.compose.runtime.ScopeUpdateScope? origin=null
                  $this: GET_VAR '$composer: androidx.compose.runtime.Composer? [assignable] declared in com.coinlab.app.ui.portfolio.PortfolioScreenKt.PortfolioScreen' type=androidx.compose.runtime.Composer? origin=null
              CALL 'public final fun not (): kotlin.Boolean [operator] declared in kotlin.Boolean' type=kotlin.Boolean origin=null
                $this: CALL 'public final fun EQEQ (arg0: kotlin.Any?, arg1: kotlin.Any?): kotlin.Boolean declared in kotlin.internal.ir' type=kotlin.Boolean origin=null
                  arg0: GET_VAR 'val tmp0_safe_receiver: androidx.compose.runtime.ScopeUpdateScope? [val] declared in com.coinlab.app.ui.portfolio.PortfolioScreenKt.PortfolioScreen' type=androidx.compose.runtime.ScopeUpdateScope? origin=null
                  arg1: CONST Null type=kotlin.Nothing? value=null
            then: CALL 'public abstract fun updateScope (block: kotlin.Function2<androidx.compose.runtime.Composer, kotlin.Int, kotlin.Unit>): kotlin.Unit declared in androidx.compose.runtime.ScopeUpdateScope' type=kotlin.Unit origin=null
              $this: GET_VAR 'val tmp0_safe_receiver: androidx.compose.runtime.ScopeUpdateScope? [val] declared in com.coinlab.app.ui.portfolio.PortfolioScreenKt.PortfolioScreen' type=androidx.compose.runtime.ScopeUpdateScope? origin=null
              block: BLOCK type=kotlin.Function2<androidx.compose.runtime.Composer?, kotlin.Int, kotlin.Unit> origin=LAMBDA
                COMPOSITE type=kotlin.Unit origin=null
                CALL 'public final fun <jvm-indy> <T> (dynamicCall: T of kotlin.jvm.internal.<jvm-indy>, bootstrapMethodHandle: kotlin.Any, vararg bootstrapMethodArguments: kotlin.Any): T of kotlin.jvm.internal.<jvm-indy> declared in kotlin.jvm.internal' type=kotlin.Function2<androidx.compose.runtime.Composer?, kotlin.Int, kotlin.Unit> origin=null
                  <T>: kotlin.Function2<androidx.compose.runtime.Composer?, kotlin.Int, kotlin.Unit>
                  dynamicCall: CALL 'public final fun invoke (p0: kotlin.Function1<kotlin.String, kotlin.Unit>, p1: kotlin.Function1<kotlin.String, kotlin.Unit>, p2: com.coinlab.app.ui.portfolio.PortfolioViewModel?, p3: kotlin.Int, p4: kotlin.Int): kotlin.Function2<androidx.compose.runtime.Composer?, kotlin.Int, kotlin.Unit> declared in kotlin.jvm.internal.invokeDynamic' type=kotlin.Function2<androidx.compose.runtime.Composer?, kotlin.Int, kotlin.Unit> origin=null
                    p0: GET_VAR 'onCoinClick: kotlin.Function1<kotlin.String, kotlin.Unit> declared in com.coinlab.app.ui.portfolio.PortfolioScreenKt.PortfolioScreen' type=kotlin.Function1<kotlin.String, kotlin.Unit> origin=null
                    p1: GET_VAR 'onAddTransaction: kotlin.Function1<kotlin.String, kotlin.Unit> declared in com.coinlab.app.ui.portfolio.PortfolioScreenKt.PortfolioScreen' type=kotlin.Function1<kotlin.String, kotlin.Unit> origin=null
                    p2: GET_VAR 'viewModel: com.coinlab.app.ui.portfolio.PortfolioViewModel? [assignable] declared in com.coinlab.app.ui.portfolio.PortfolioScreenKt.PortfolioScreen' type=com.coinlab.app.ui.portfolio.PortfolioViewModel? origin=null
                    p3: GET_VAR '$changed: kotlin.Int declared in com.coinlab.app.ui.portfolio.PortfolioScreenKt.PortfolioScreen' type=kotlin.Int origin=null
                    p4: GET_VAR '$default: kotlin.Int declared in com.coinlab.app.ui.portfolio.PortfolioScreenKt.PortfolioScreen' type=kotlin.Int origin=null
                  bootstrapMethodHandle: CALL 'public final fun <jvm-method-handle> (tag: kotlin.Int, owner: kotlin.String, name: kotlin.String, descriptor: kotlin.String, isInterface: kotlin.Boolean): kotlin.Any declared in kotlin.jvm.internal' type=kotlin.Any origin=null
                    tag: CONST Int type=kotlin.Int value=6
                    owner: CONST String type=kotlin.String value="java/lang/invoke/LambdaMetafactory"
                    name: CONST String type=kotlin.String value="metafactory"
                    descriptor: CONST String type=kotlin.String value="(Ljava/lang/invoke/MethodHandles$Lookup;Ljava/lang/String;Ljava/lang/invoke/MethodType;Ljava/lang/invoke/MethodType;Ljava/lang/invoke/MethodHandle;Ljava/lang/invoke/MethodType;)Ljava/lang/invoke/CallSite;"
                    isInterface: CONST Boolean type=kotlin.Boolean value=false
                  bootstrapMethodArguments: VARARG type=kotlin.Array<kotlin.Any> varargElementType=kotlin.Any
                    CALL 'public final fun <jvm-original-method-type> (method: kotlin.Any): kotlin.Any declared in kotlin.jvm.internal' type=kotlin.Any origin=null
                      method: RAW_FUNCTION_REFERENCE 'public abstract fun invoke (p1: P1 of kotlin.Function2, p2: P2 of kotlin.Function2): R of kotlin.Function2 [operator] declared in kotlin.Function2' type=kotlin.Any
                    RAW_FUNCTION_REFERENCE 'private final fun PortfolioScreen$lambda$14 ($onCoinClick: kotlin.Function1<kotlin.String, kotlin.Unit>, $onAddTransaction: kotlin.Function1<kotlin.String, kotlin.Unit>, $viewModel: com.coinlab.app.ui.portfolio.PortfolioViewModel?, $$changed: kotlin.Int, $$default: kotlin.Int, $composer: androidx.compose.runtime.Composer?, $force: kotlin.Int): kotlin.Unit? declared in com.coinlab.app.ui.portfolio.PortfolioScreenKt' type=kotlin.Any
                    CALL 'public final fun <jvm-original-method-type> (method: kotlin.Any): kotlin.Any declared in kotlin.jvm.internal' type=kotlin.Any origin=null
                      method: RAW_FUNCTION_REFERENCE 'public abstract fun invoke (p1: androidx.compose.runtime.Composer?, p2: kotlin.Int?): kotlin.Unit? [fake_override,operator] declared in kotlin.jvm.internal.invokeDynamic.<fake>' type=kotlin.Any
          BRANCH
            if: CONST Boolean type=kotlin.Boolean value=true
            then: CONST Null type=kotlin.Any? value=null

	at org.jetbrains.kotlin.backend.jvm.codegen.FunctionCodegen.generate(FunctionCodegen.kt:47)
	at org.jetbrains.kotlin.backend.jvm.codegen.FunctionCodegen.generate$default(FunctionCodegen.kt:40)
	at org.jetbrains.kotlin.backend.jvm.codegen.ClassCodegen.generateMethodNode(ClassCodegen.kt:406)
	at org.jetbrains.kotlin.backend.jvm.codegen.ClassCodegen.generateMethod(ClassCodegen.kt:423)
	at org.jetbrains.kotlin.backend.jvm.codegen.ClassCodegen.generate(ClassCodegen.kt:168)
	at org.jetbrains.kotlin.backend.jvm.FileCodegen.lower(JvmPhases.kt:39)
	at org.jetbrains.kotlin.backend.common.phaser.PhaseFactoriesKt.createFilePhase$lambda$4(PhaseFactories.kt:71)
	at org.jetbrains.kotlin.backend.common.phaser.PhaseBuildersKt$createSimpleNamedCompilerPhase$1.phaseBody(PhaseBuilders.kt:69)
	at org.jetbrains.kotlin.backend.common.phaser.SimpleNamedCompilerPhase.phaseBody(CompilerPhase.kt:226)
	at org.jetbrains.kotlin.backend.common.phaser.AbstractNamedCompilerPhase.invoke(CompilerPhase.kt:113)
	at org.jetbrains.kotlin.backend.common.phaser.PerformByIrFilePhase.invokeSequential(performByIrFile.kt:62)
	... 45 more
Caused by: java.lang.RuntimeException: Exception while generating code for:
FUN INLINE_LAMBDA name:PortfolioScreen$lambda$13 visibility:private modality:FINAL <> ($receiver:androidx.compose.foundation.layout.BoxScope, $$dirty:kotlin.Int, $$composer:androidx.compose.runtime.Composer?, $holdings$delegate:androidx.compose.runtime.State<kotlin.collections.List<com.coinlab.app.ui.portfolio.PortfolioHolding>>, $uiState$delegate:androidx.compose.runtime.State<com.coinlab.app.ui.portfolio.PortfolioUiState>, $onCoinClick:kotlin.Function1<kotlin.String, kotlin.Unit>, $onAddTransaction:kotlin.Function1<kotlin.String, kotlin.Unit>, $composer:androidx.compose.runtime.Composer?, $changed:kotlin.Int) returnType:kotlin.Unit
  annotations:
    Composable
    ComposableTarget(applier = "androidx.compose.ui.UiComposable")
  $receiver: VALUE_PARAMETER name:$this$Box type:androidx.compose.foundation.layout.BoxScope
  VALUE_PARAMETER BOUND_VALUE_PARAMETER name:$$dirty index:0 type:kotlin.Int
  VALUE_PARAMETER BOUND_VALUE_PARAMETER name:$$composer index:1 type:androidx.compose.runtime.Composer?
  VALUE_PARAMETER BOUND_VALUE_PARAMETER name:$holdings$delegate index:2 type:androidx.compose.runtime.State<kotlin.collections.List<com.coinlab.app.ui.portfolio.PortfolioHolding>>
  VALUE_PARAMETER BOUND_VALUE_PARAMETER name:$uiState$delegate index:3 type:androidx.compose.runtime.State<com.coinlab.app.ui.portfolio.PortfolioUiState>
  VALUE_PARAMETER BOUND_VALUE_PARAMETER name:$onCoinClick index:4 type:kotlin.Function1<kotlin.String, kotlin.Unit>
  VALUE_PARAMETER BOUND_VALUE_PARAMETER name:$onAddTransaction index:5 type:kotlin.Function1<kotlin.String, kotlin.Unit>
  VALUE_PARAMETER name:$composer index:6 type:androidx.compose.runtime.Composer? [assignable]
  VALUE_PARAMETER name:$changed index:7 type:kotlin.Int
  BLOCK_BODY
    VAR name:$i$a$-Box-PortfolioScreenKt$PortfolioScreen$1 type:kotlin.Int [val]
      CONST Int type=kotlin.Int value=0
    COMPOSITE type=kotlin.Unit origin=null
      CALL 'public final fun Column (modifier: androidx.compose.ui.Modifier?, verticalArrangement: androidx.compose.foundation.layout.Arrangement.Vertical?, horizontalAlignment: androidx.compose.ui.Alignment.Horizontal?, content: @[ExtensionFunctionType] kotlin.Function3<androidx.compose.foundation.layout.ColumnScope, androidx.compose.runtime.Composer, kotlin.Int, kotlin.Unit>, $composer: androidx.compose.runtime.Composer?, $changed: kotlin.Int, $default: kotlin.Int): kotlin.Unit [inline] declared in androidx.compose.foundation.layout.ColumnKt' type=kotlin.Unit origin=null
        modifier: CALL 'public final fun fillMaxSize$default (fraction: kotlin.Float, $mask0: kotlin.Int, $handler: kotlin.Any?): androidx.compose.ui.Modifier declared in androidx.compose.foundation.layout.SizeKt' type=androidx.compose.ui.Modifier origin=DEFAULT_DISPATCH_CALL
          $receiver: GET_FIELD 'FIELD FIELD_FOR_OBJECT_INSTANCE name:Companion type:androidx.compose.ui.Modifier.Companion visibility:public [final,static] declared in androidx.compose.ui.Modifier' type=androidx.compose.ui.Modifier.Companion origin=null
          fraction: COMPOSITE type=kotlin.Float origin=DEFAULT_VALUE
            CONST Float type=kotlin.Float value=0.0
          $mask0: CONST Int type=kotlin.Int value=1
          $handler: CONST Null type=kotlin.Any? value=null
        verticalArrangement: COMPOSITE type=kotlin.Nothing? origin=DEFAULT_VALUE
          CONST Null type=kotlin.Nothing? value=null
        horizontalAlignment: COMPOSITE type=kotlin.Nothing? origin=DEFAULT_VALUE
          CONST Null type=kotlin.Nothing? value=null
        content: BLOCK type=@[ExtensionFunctionType] kotlin.Function3<androidx.compose.foundation.layout.ColumnScope, androidx.compose.runtime.Composer, kotlin.Int, kotlin.Unit> origin=LAMBDA
          COMPOSITE type=kotlin.Unit origin=null
          FUNCTION_REFERENCE 'private final fun PortfolioScreen$lambda$13$lambda$10 ($$composer: androidx.compose.runtime.Composer?, $holdings$delegate: androidx.compose.runtime.State<kotlin.collections.List<com.coinlab.app.ui.portfolio.PortfolioHolding>>, $uiState$delegate: androidx.compose.runtime.State<com.coinlab.app.ui.portfolio.PortfolioUiState>, $$dirty: kotlin.Int, $onCoinClick: kotlin.Function1<kotlin.String, kotlin.Unit>, $composer: androidx.compose.runtime.Composer?, $changed: kotlin.Int): kotlin.Unit declared in com.coinlab.app.ui.portfolio.PortfolioScreenKt' type=@[ExtensionFunctionType] kotlin.Function3<androidx.compose.foundation.layout.ColumnScope, androidx.compose.runtime.Composer, kotlin.Int, kotlin.Unit> origin=INLINE_LAMBDA reflectionTarget=null
            $$composer: GET_VAR '$$composer: androidx.compose.runtime.Composer? declared in com.coinlab.app.ui.portfolio.PortfolioScreenKt.PortfolioScreen$lambda$13' type=androidx.compose.runtime.Composer? origin=null
            $holdings$delegate: GET_VAR '$holdings$delegate: androidx.compose.runtime.State<kotlin.collections.List<com.coinlab.app.ui.portfolio.PortfolioHolding>> declared in com.coinlab.app.ui.portfolio.PortfolioScreenKt.PortfolioScreen$lambda$13' type=androidx.compose.runtime.State<kotlin.collections.List<com.coinlab.app.ui.portfolio.PortfolioHolding>> origin=null
            $uiState$delegate: GET_VAR '$uiState$delegate: androidx.compose.runtime.State<com.coinlab.app.ui.portfolio.PortfolioUiState> declared in com.coinlab.app.ui.portfolio.PortfolioScreenKt.PortfolioScreen$lambda$13' type=androidx.compose.runtime.State<com.coinlab.app.ui.portfolio.PortfolioUiState> origin=null
            $$dirty: GET_VAR '$$dirty: kotlin.Int declared in com.coinlab.app.ui.portfolio.PortfolioScreenKt.PortfolioScreen$lambda$13' type=kotlin.Int origin=null
            $onCoinClick: GET_VAR '$onCoinClick: kotlin.Function1<kotlin.String, kotlin.Unit> declared in com.coinlab.app.ui.portfolio.PortfolioScreenKt.PortfolioScreen$lambda$13' type=kotlin.Function1<kotlin.String, kotlin.Unit> origin=null
        $composer: GET_VAR '$composer: androidx.compose.runtime.Composer? [assignable] declared in com.coinlab.app.ui.portfolio.PortfolioScreenKt.PortfolioScreen$lambda$13' type=androidx.compose.runtime.Composer? origin=null
        $changed: CONST Int type=kotlin.Int value=6
        $default: CONST Int type=kotlin.Int value=6
      CALL 'public final fun FloatingActionButton-X-z6DiA (onClick: kotlin.Function0<kotlin.Unit>, modifier: androidx.compose.ui.Modifier?, shape: androidx.compose.ui.graphics.Shape?, containerColor: androidx.compose.ui.graphics.Color, contentColor: androidx.compose.ui.graphics.Color, elevation: androidx.compose.material3.FloatingActionButtonElevation?, interactionSource: androidx.compose.foundation.interaction.MutableInteractionSource?, content: kotlin.Function2<androidx.compose.runtime.Composer, kotlin.Int, kotlin.Unit>, $composer: androidx.compose.runtime.Composer?, $changed: kotlin.Int, $default: kotlin.Int): kotlin.Unit declared in androidx.compose.material3.FloatingActionButtonKt' type=kotlin.Unit origin=null
        onClick: BLOCK type=kotlin.Function0<kotlin.Unit> origin=null
          CALL 'public abstract fun startReplaceGroup (key: kotlin.Int): kotlin.Unit declared in androidx.compose.runtime.Composer' type=kotlin.Unit origin=null
            $this: GET_VAR '$composer: androidx.compose.runtime.Composer? [assignable] declared in com.coinlab.app.ui.portfolio.PortfolioScreenKt.PortfolioScreen$lambda$13' type=androidx.compose.runtime.Composer? origin=null
            key: CONST Int type=kotlin.Int value=-1056239042
          VAR IR_TEMPORARY_VARIABLE name:tmp0_group type:kotlin.Function0<kotlin.Unit> [val]
            CALL 'public final fun cache <T> (invalid: kotlin.Boolean, block: @[DisallowComposableCalls] kotlin.Function0<T of androidx.compose.runtime.ComposerKt.cache>): T of androidx.compose.runtime.ComposerKt.cache [inline] declared in androidx.compose.runtime.ComposerKt' type=kotlin.Function0<kotlin.Unit> origin=null
              <T>: kotlin.Function0<kotlin.Unit>
              $receiver: GET_VAR '$composer: androidx.compose.runtime.Composer? [assignable] declared in com.coinlab.app.ui.portfolio.PortfolioScreenKt.PortfolioScreen$lambda$13' type=androidx.compose.runtime.Composer? origin=null
              invalid: CALL 'public final fun EQEQ (arg0: kotlin.Any?, arg1: kotlin.Any?): kotlin.Boolean declared in kotlin.internal.ir' type=kotlin.Boolean origin=null
                arg0: CALL 'public final fun and (other: kotlin.Int): kotlin.Int [infix] declared in kotlin.Int' type=kotlin.Int origin=null
                  $this: GET_VAR '$$dirty: kotlin.Int declared in com.coinlab.app.ui.portfolio.PortfolioScreenKt.PortfolioScreen$lambda$13' type=kotlin.Int origin=null
                  other: CONST Int type=kotlin.Int value=112
                arg1: CONST Int type=kotlin.Int value=32
              block: BLOCK type=kotlin.Function0<kotlin.Function0<kotlin.Unit>> origin=LAMBDA
                COMPOSITE type=kotlin.Unit origin=null
                FUNCTION_REFERENCE 'private final fun PortfolioScreen$lambda$13$lambda$12 ($onAddTransaction: kotlin.Function1<kotlin.String, kotlin.Unit>): kotlin.Function0<kotlin.Unit> declared in com.coinlab.app.ui.portfolio.PortfolioScreenKt' type=kotlin.Function0<kotlin.Function0<kotlin.Unit>> origin=INLINE_LAMBDA reflectionTarget=null
                  $onAddTransaction: GET_VAR '$onAddTransaction: kotlin.Function1<kotlin.String, kotlin.Unit> declared in com.coinlab.app.ui.portfolio.PortfolioScreenKt.PortfolioScreen$lambda$13' type=kotlin.Function1<kotlin.String, kotlin.Unit> origin=null
          CALL 'public abstract fun endReplaceGroup (): kotlin.Unit declared in androidx.compose.runtime.Composer' type=kotlin.Unit origin=null
            $this: GET_VAR '$composer: androidx.compose.runtime.Composer? [assignable] declared in com.coinlab.app.ui.portfolio.PortfolioScreenKt.PortfolioScreen$lambda$13' type=androidx.compose.runtime.Composer? origin=null
          GET_VAR 'val tmp0_group: kotlin.Function0<kotlin.Unit> [val] declared in com.coinlab.app.ui.portfolio.PortfolioScreenKt.PortfolioScreen$lambda$13' type=kotlin.Function0<kotlin.Unit> origin=null
        modifier: CALL 'public final fun padding-3ABfNKs (all: androidx.compose.ui.unit.Dp): androidx.compose.ui.Modifier declared in androidx.compose.foundation.layout.PaddingKt' type=androidx.compose.ui.Modifier origin=null
          $receiver: CALL 'public abstract fun align (alignment: androidx.compose.ui.Alignment): androidx.compose.ui.Modifier declared in androidx.compose.foundation.layout.BoxScope' type=androidx.compose.ui.Modifier origin=null
            $this: GET_VAR '$this$Box: androidx.compose.foundation.layout.BoxScope declared in com.coinlab.app.ui.portfolio.PortfolioScreenKt.PortfolioScreen$lambda$13' type=androidx.compose.foundation.layout.BoxScope origin=null
            $receiver: GET_FIELD 'FIELD FIELD_FOR_OBJECT_INSTANCE name:Companion type:androidx.compose.ui.Modifier.Companion visibility:public [final,static] declared in androidx.compose.ui.Modifier' type=androidx.compose.ui.Modifier.Companion origin=null
            alignment: CALL 'public final fun <get-BottomEnd> (): androidx.compose.ui.Alignment declared in androidx.compose.ui.Alignment.Companion' type=androidx.compose.ui.Alignment origin=GET_PROPERTY
              $this: GET_FIELD 'FIELD FIELD_FOR_OBJECT_INSTANCE name:Companion type:androidx.compose.ui.Alignment.Companion visibility:public [final,static] declared in androidx.compose.ui.Alignment' type=androidx.compose.ui.Alignment.Companion origin=null
          all: CALL 'public final fun <get-dp> (): androidx.compose.ui.unit.Dp [inline] declared in androidx.compose.ui.unit.DpKt' type=androidx.compose.ui.unit.Dp origin=GET_PROPERTY
            $receiver: CONST Int type=kotlin.Int value=16
        shape: COMPOSITE type=kotlin.Nothing? origin=DEFAULT_VALUE
          CONST Null type=kotlin.Nothing? value=null
        containerColor: CALL 'public final fun getPrimary-0d7_KjU (): androidx.compose.ui.graphics.Color declared in androidx.compose.material3.ColorScheme' type=androidx.compose.ui.graphics.Color origin=GET_PROPERTY
          $this: CALL 'public final fun <get-colorScheme> ($composer: androidx.compose.runtime.Composer?, $changed: kotlin.Int): androidx.compose.material3.ColorScheme declared in androidx.compose.material3.MaterialTheme' type=androidx.compose.material3.ColorScheme origin=GET_PROPERTY
            $this: GET_FIELD 'FIELD FIELD_FOR_OBJECT_INSTANCE name:INSTANCE type:androidx.compose.material3.MaterialTheme visibility:public [final,static] declared in androidx.compose.material3.MaterialTheme' type=androidx.compose.material3.MaterialTheme origin=null
            $composer: GET_VAR '$composer: androidx.compose.runtime.Composer? [assignable] declared in com.coinlab.app.ui.portfolio.PortfolioScreenKt.PortfolioScreen$lambda$13' type=androidx.compose.runtime.Composer? origin=null
            $changed: GET_FIELD 'FIELD name:$stable type:kotlin.Int visibility:public [final,static] declared in androidx.compose.material3.MaterialTheme' type=kotlin.Int origin=null
        contentColor: COMPOSITE type=androidx.compose.ui.graphics.Color origin=DEFAULT_VALUE
          CALL 'public final fun <unsafe-coerce> <T, R> (v: T of kotlin.jvm.internal.<unsafe-coerce>): R of kotlin.jvm.internal.<unsafe-coerce> declared in kotlin.jvm.internal' type=androidx.compose.ui.graphics.Color origin=null
            <T>: kotlin.Long
            <R>: androidx.compose.ui.graphics.Color
            v: CONST Long type=kotlin.Long value=0
        elevation: COMPOSITE type=kotlin.Nothing? origin=DEFAULT_VALUE
          CONST Null type=kotlin.Nothing? value=null
        interactionSource: COMPOSITE type=kotlin.Nothing? origin=DEFAULT_VALUE
          CONST Null type=kotlin.Nothing? value=null
        content: CALL 'internal final fun <get-lambda-4> (): kotlin.Function2<androidx.compose.runtime.Composer, kotlin.Int, kotlin.Unit> declared in com.coinlab.app.ui.portfolio.ComposableSingletons$PortfolioScreenKt' type=kotlin.Function2<androidx.compose.runtime.Composer, kotlin.Int, kotlin.Unit> origin=null
          $this: GET_FIELD 'FIELD FIELD_FOR_OBJECT_INSTANCE name:INSTANCE type:com.coinlab.app.ui.portfolio.ComposableSingletons$PortfolioScreenKt visibility:public [final,static] declared in com.coinlab.app.ui.portfolio.ComposableSingletons$PortfolioScreenKt' type=com.coinlab.app.ui.portfolio.ComposableSingletons$PortfolioScreenKt origin=null
        $composer: GET_VAR '$composer: androidx.compose.runtime.Composer? [assignable] declared in com.coinlab.app.ui.portfolio.PortfolioScreenKt.PortfolioScreen$lambda$13' type=androidx.compose.runtime.Composer? origin=null
        $changed: CONST Int type=kotlin.Int value=12582912
        $default: CONST Int type=kotlin.Int value=116

	at org.jetbrains.kotlin.backend.jvm.codegen.FunctionCodegen.generate(FunctionCodegen.kt:47)
	at org.jetbrains.kotlin.backend.jvm.codegen.IrSourceCompilerForInline.generateLambdaBody(IrSourceCompilerForInline.kt:67)
	at org.jetbrains.kotlin.codegen.inline.ExpressionLambda.generateLambdaBody(LambdaInfo.kt:72)
	at org.jetbrains.kotlin.backend.jvm.codegen.IrInlineCodegen.genValueAndPut(IrInlineCodegen.kt:100)
	at org.jetbrains.kotlin.backend.jvm.codegen.ExpressionCodegen.visitCall$handleParameter(ExpressionCodegen.kt:616)
	at org.jetbrains.kotlin.backend.jvm.codegen.ExpressionCodegen.visitCall(ExpressionCodegen.kt:644)
	at org.jetbrains.kotlin.backend.jvm.codegen.ExpressionCodegen.visitCall(ExpressionCodegen.kt:138)
	at org.jetbrains.kotlin.ir.expressions.IrCall.accept(IrCall.kt:24)
	at org.jetbrains.kotlin.backend.jvm.codegen.ExpressionCodegen.visitStatementContainer(ExpressionCodegen.kt:579)
	at org.jetbrains.kotlin.backend.jvm.codegen.ExpressionCodegen.visitContainerExpression(ExpressionCodegen.kt:593)
	at org.jetbrains.kotlin.backend.jvm.codegen.ExpressionCodegen.visitContainerExpression(ExpressionCodegen.kt:138)
	at org.jetbrains.kotlin.ir.visitors.IrElementVisitor$DefaultImpls.visitBlock(IrElementVisitor.kt:122)
	at org.jetbrains.kotlin.backend.jvm.codegen.ExpressionCodegen.visitBlock(ExpressionCodegen.kt:413)
	at org.jetbrains.kotlin.backend.jvm.codegen.ExpressionCodegen.visitBlock(ExpressionCodegen.kt:138)
	at org.jetbrains.kotlin.ir.expressions.IrBlock.accept(IrBlock.kt:18)
	at org.jetbrains.kotlin.backend.jvm.codegen.ExpressionCodegen.visitWhen(ExpressionCodegen.kt:1101)
	at org.jetbrains.kotlin.backend.jvm.codegen.ExpressionCodegen.visitWhen(ExpressionCodegen.kt:138)
	at org.jetbrains.kotlin.ir.expressions.IrWhen.accept(IrWhen.kt:24)
	at org.jetbrains.kotlin.backend.jvm.codegen.ExpressionCodegen.visitStatementContainer(ExpressionCodegen.kt:579)
	at org.jetbrains.kotlin.backend.jvm.codegen.ExpressionCodegen.visitBlockBody(ExpressionCodegen.kt:584)
	at org.jetbrains.kotlin.backend.jvm.codegen.ExpressionCodegen.visitBlockBody(ExpressionCodegen.kt:138)
	at org.jetbrains.kotlin.ir.expressions.IrBlockBody.accept(IrBlockBody.kt:20)
	at org.jetbrains.kotlin.backend.jvm.codegen.ExpressionCodegen.generate(ExpressionCodegen.kt:240)
	at org.jetbrains.kotlin.backend.jvm.codegen.FunctionCodegen.doGenerate(FunctionCodegen.kt:123)
	at org.jetbrains.kotlin.backend.jvm.codegen.FunctionCodegen.generate(FunctionCodegen.kt:44)
	... 55 more
Caused by: java.lang.OutOfMemoryError: GC overhead limit exceeded
	at java.base/java.util.Arrays.copyOfRange(Arrays.java:3822)
	at java.base/java.lang.StringLatin1.newString(StringLatin1.java:769)
	at java.base/java.lang.StringBuilder.toString(StringBuilder.java:453)
	at org.jetbrains.kotlin.ir.util.RenderIrElementVisitor.visitGetValue(RenderIrElement.kt:421)
	at org.jetbrains.kotlin.ir.util.RenderIrElementVisitor.visitGetValue(RenderIrElement.kt:28)
	at org.jetbrains.kotlin.ir.expressions.IrGetValue.accept(IrGetValue.kt:18)
	at org.jetbrains.kotlin.ir.util.DumpIrTreeVisitor.visitElement(DumpIrTree.kt:512)
	at org.jetbrains.kotlin.ir.util.DumpIrTreeVisitor.visitElement(DumpIrTree.kt:115)
	at org.jetbrains.kotlin.ir.visitors.IrElementVisitor$DefaultImpls.visitExpression(IrElementVisitor.kt:83)
	at org.jetbrains.kotlin.ir.util.DumpIrTreeVisitor.visitExpression(DumpIrTree.kt:115)
	at org.jetbrains.kotlin.ir.util.DumpIrTreeVisitor.visitExpression(DumpIrTree.kt:115)
	at org.jetbrains.kotlin.ir.visitors.IrElementVisitor$DefaultImpls.visitDeclarationReference(IrElementVisitor.kt:95)
	at org.jetbrains.kotlin.ir.util.DumpIrTreeVisitor.visitDeclarationReference(DumpIrTree.kt:115)
	at org.jetbrains.kotlin.ir.util.DumpIrTreeVisitor.visitDeclarationReference(DumpIrTree.kt:115)
	at org.jetbrains.kotlin.ir.visitors.IrElementVisitor$DefaultImpls.visitValueAccess(IrElementVisitor.kt:251)
	at org.jetbrains.kotlin.ir.util.DumpIrTreeVisitor.visitValueAccess(DumpIrTree.kt:115)
	at org.jetbrains.kotlin.ir.util.DumpIrTreeVisitor.visitValueAccess(DumpIrTree.kt:115)
	at org.jetbrains.kotlin.ir.visitors.IrElementVisitor$DefaultImpls.visitGetValue(IrElementVisitor.kt:254)
	at org.jetbrains.kotlin.ir.util.DumpIrTreeVisitor.visitGetValue(DumpIrTree.kt:115)
	at org.jetbrains.kotlin.ir.util.DumpIrTreeVisitor.visitGetValue(DumpIrTree.kt:115)
	at org.jetbrains.kotlin.ir.expressions.IrGetValue.accept(IrGetValue.kt:18)
	at org.jetbrains.kotlin.ir.util.DumpIrTreeVisitor.visitMemberAccess(DumpIrTree.kt:272)
	at org.jetbrains.kotlin.ir.util.DumpIrTreeVisitor.visitMemberAccess(DumpIrTree.kt:115)
	at org.jetbrains.kotlin.ir.visitors.IrElementVisitor$DefaultImpls.visitFunctionAccess(IrElementVisitor.kt:101)
	at org.jetbrains.kotlin.ir.util.DumpIrTreeVisitor.visitFunctionAccess(DumpIrTree.kt:115)
	at org.jetbrains.kotlin.ir.util.DumpIrTreeVisitor.visitFunctionAccess(DumpIrTree.kt:115)
	at org.jetbrains.kotlin.ir.visitors.IrElementVisitor$DefaultImpls.visitCall(IrElementVisitor.kt:146)
	at org.jetbrains.kotlin.ir.util.DumpIrTreeVisitor.visitCall(DumpIrTree.kt:115)
	at org.jetbrains.kotlin.ir.util.DumpIrTreeVisitor.visitCall(DumpIrTree.kt:115)
	at org.jetbrains.kotlin.ir.expressions.IrCall.accept(IrCall.kt:24)
	at org.jetbrains.kotlin.ir.expressions.IrContainerExpression.acceptChildren(IrContainerExpression.kt:22)
	at org.jetbrains.kotlin.ir.util.DumpIrTreeVisitor.visitElement(DumpIrTree.kt:133)


